Unity Editor version:    2020.3.27f1 (e759542391ea)
Branch:                  2020.3/release
Build type:              Release
Batch mode:              YES
macOS version:           Version 13.5.1 (Build 22G90)
Darwin version:          22.6.0
Architecture:            x86_64
Running under Rosetta:   YES
Available memory:        16384 MB
Using pre-set license
Pro License: NO

COMMAND LINE ARGUMENTS:
/Users/stephenshaw/Downloads/2020.3.27f1/Unity.app/Contents/MacOS/Unity
-adb2
-batchMode
-noUpm
-name
AssetImportWorker0
-projectPath
/Users/stephenshaw/Desktop/Create with Code/Wandering Kumo
-logFile
Logs/AssetImportWorker0.log
-srvPort
51324
Successfully changed project path to: /Users/stephenshaw/Desktop/Create with Code/Wandering Kumo
/Users/stephenshaw/Desktop/Create with Code/Wandering Kumo
Using Asset Import Pipeline V2.
Refreshing native plugins compatible for Editor in 54.25 ms, found 3 plugins.
Preloading 0 native plugins for Editor in 0.00 ms.
Initialize engine version: 2020.3.27f1 (e759542391ea)
[Subsystems] Discovering subsystems at path /Users/stephenshaw/Downloads/2020.3.27f1/Unity.app/Contents/Resources/UnitySubsystems
[Subsystems] Discovering subsystems at path /Users/stephenshaw/Desktop/Create with Code/Wandering Kumo/Assets
GfxDevice: creating device client; threaded=0
2023-12-03 18:09:39.021 Unity[18426:14372811] (null) preferred device: Apple M1 Pro (high power)
2023-12-03 18:09:39.021 Unity[18426:14372811] Metal devices available: 1
2023-12-03 18:09:39.021 Unity[18426:14372811] 0: Apple M1 Pro (high power)
2023-12-03 18:09:39.021 Unity[18426:14372811] Using device Apple M1 Pro (high power)
Initializing Metal device caps: Apple M1 Pro
Initialize mono
Mono path[0] = '/Users/stephenshaw/Downloads/2020.3.27f1/Unity.app/Contents/Managed'
Mono path[1] = '/Users/stephenshaw/Downloads/2020.3.27f1/Unity.app/Contents/MonoBleedingEdge/lib/mono/unityjit'
Mono config path = '/Users/stephenshaw/Downloads/2020.3.27f1/Unity.app/Contents/MonoBleedingEdge/etc'
Using monoOptions --debugger-agent=transport=dt_socket,embedding=1,server=y,suspend=n,address=127.0.0.1:56426
Begin MonoManager ReloadAssembly
Registering precompiled unity dll's ...
Register platform support module: /Users/stephenshaw/Downloads/2020.3.27f1/Unity.app/Contents/PlaybackEngines/MacStandaloneSupport/UnityEditor.OSXStandalone.Extensions.dll
Registered in 0.001336 seconds.
Native extension for OSXStandalone target not found
Refreshing native plugins compatible for Editor in 52.72 ms, found 3 plugins.
Preloading 0 native plugins for Editor in 0.00 ms.
Mono: successfully reloaded assembly
- Completed reload, in  1.358 seconds
Domain Reload Profiling:
	ReloadAssembly (1359ms)
		BeginReloadAssembly (110ms)
			ExecutionOrderSort (0ms)
			DisableScriptedObjects (0ms)
			BackupInstance (0ms)
			ReleaseScriptingObjects (0ms)
			CreateAndSetChildDomain (4ms)
		EndReloadAssembly (1129ms)
			LoadAssemblies (107ms)
			RebuildTransferFunctionScriptingTraits (0ms)
			SetupTypeCache (171ms)
			ReleaseScriptCaches (0ms)
			RebuildScriptCaches (35ms)
			SetupLoadedEditorAssemblies (612ms)
				LogAssemblyErrors (0ms)
				InitializePlatformSupportModulesInManaged (10ms)
				SetLoadedEditorAssemblies (1ms)
				RefreshPlugins (53ms)
				BeforeProcessingInitializeOnLoad (70ms)
				ProcessInitializeOnLoadAttributes (352ms)
				ProcessInitializeOnLoadMethodAttributes (125ms)
				AfterProcessingInitializeOnLoad (0ms)
				EditorAssembliesLoaded (1ms)
			ExecutionOrderSort2 (0ms)
			AwakeInstancesAfterBackupRestoration (0ms)
Platform modules already initialized, skipping
Registering precompiled user dll's ...
Registered in 0.003143 seconds.
Begin MonoManager ReloadAssembly
Native extension for OSXStandalone target not found
Refreshing native plugins compatible for Editor in 50.44 ms, found 3 plugins.
Preloading 0 native plugins for Editor in 0.00 ms.
Mono: successfully reloaded assembly
- Completed reload, in  2.410 seconds
Domain Reload Profiling:
	ReloadAssembly (2411ms)
		BeginReloadAssembly (235ms)
			ExecutionOrderSort (0ms)
			DisableScriptedObjects (34ms)
			BackupInstance (0ms)
			ReleaseScriptingObjects (0ms)
			CreateAndSetChildDomain (32ms)
		EndReloadAssembly (2092ms)
			LoadAssemblies (200ms)
			RebuildTransferFunctionScriptingTraits (0ms)
			SetupTypeCache (317ms)
			ReleaseScriptCaches (1ms)
			RebuildScriptCaches (50ms)
			SetupLoadedEditorAssemblies (1177ms)
				LogAssemblyErrors (0ms)
				InitializePlatformSupportModulesInManaged (12ms)
				SetLoadedEditorAssemblies (1ms)
				RefreshPlugins (50ms)
				BeforeProcessingInitializeOnLoad (193ms)
				ProcessInitializeOnLoadAttributes (856ms)
				ProcessInitializeOnLoadMethodAttributes (63ms)
				AfterProcessingInitializeOnLoad (1ms)
				EditorAssembliesLoaded (0ms)
			ExecutionOrderSort2 (0ms)
			AwakeInstancesAfterBackupRestoration (42ms)
Platform modules already initialized, skipping
Validating Project structure ... 0.006182 seconds.
Shader import version has changed; will reimport all shaders...
Upgrading shader files ...0.016834 seconds.
Application.AssetDatabase Initial Script Refresh Start
RefreshInfo: InitialScriptRefreshV2(NoUpdateAssetOptions) scanfilter:  ... 1 filters
RefreshProfiler: Total: 0.000ms
Application.AssetDatabase Initial Script Refresh End
Application.AssetDatabase.Refresh Start
Application.AssetDatabase.Refresh End
RefreshInfo: StopAssetImportingV2(ForceSynchronousImport) scanfilter: 
RefreshProfiler: Total: 0.000ms
Launching external process: /Users/stephenshaw/Downloads/2020.3.27f1/Unity.app/Contents/Tools/UnityShaderCompiler
Launched and connected shader compiler UnityShaderCompiler after 0.03 seconds
Initializing Unity extensions:
2023-12-03 18:09:44.122 Unity[18426:14372811] NSEventModifierFlagFunction specified to -setKeyEquivalentModifierMask: for item <NSMenuItem: 0x7fc30b3e37f0 Font Asset, ke='Command-F12'>, but is only supported for system-provided menu items; will not be used
2023-12-03 18:09:44.126 Unity[18426:14372811] NSEventModifierFlagFunction specified to -setKeyEquivalentModifierMask: for item <NSMenuItem: 0x7fc34bab9fe0 Font Asset, ke='Command-F12'>, but is only supported for system-provided menu items; will not be used
========================================================================
Worker process is ready to serve import requests
Refreshing native plugins compatible for Editor in 0.56 ms, found 3 plugins.
Preloading 0 native plugins for Editor in 0.00 ms.
Unloading 2271 Unused Serialized files (Serialized files now loaded: 0)
System memory in use before: 91.7 MB.
System memory in use after: 91.1 MB.

Unloading 139 unused Assets to reduce memory usage. Loaded Objects now: 2750.
Total: 3.176167 ms (FindLiveObjects: 0.183666 ms CreateObjectMapping: 0.060667 ms MarkObjects: 2.473750 ms  DeleteObjects: 0.456375 ms)

AssetImportParameters requested are different than current active one (requested -> active):
  custom:video-decoder-ogg-theora: a1e56fd34408186e4bbccfd4996cb3dc -> 
  custom:container-muxer-webm: aa71ff27fc2769a1b78a27578f13a17b -> 
  custom:container-demuxer-webm: 4f35f7cbe854078d1ac9338744f61a02 -> 
  custom:container-demuxer-ogg: 62fdf1f143b41e24485cea50d1cbac27 -> 
  custom:video-encoder-webm-vp8: eb34c28f22e8b96e1ab97ce403110664 -> 
  custom:framework-osx-AVFoundation: e770b220cccbd017edd2c1fefb359320 -> 
  custom:video-decoder-webm-vp8: 9c59270c3fd7afecdb556c50c9e8de78 -> 
  custom:audio-decoder-ogg-vorbis: bf7c407c2cedff20999df2af8eb42d56 -> 
  custom:audio-encoder-webm-vorbis: bf7c407c2cedff20999df2af8eb42d56 -> 
========================================================================
Received Import Request.
  path: Assets/Art/PreMade/craftpix-net-620836-free-fantasy-chibi-male-sprites-pixel-art
  artifactKey: Guid(f715a6ada40cd4d1a98e01383bfb1043) Importer(815301076,1909f56bfc062723c751e8b465ee728b)
Start importing Assets/Art/PreMade/craftpix-net-620836-free-fantasy-chibi-male-sprites-pixel-art using Guid(f715a6ada40cd4d1a98e01383bfb1043) Importer(815301076,1909f56bfc062723c751e8b465ee728b)  -> (artifact id: '32e1bf61d0e56b6ccc055be9bb1c73ff') in 0.007186 seconds 
  Import took 0.010913 seconds .

========================================================================
Received Import Request.
  Time since last request: 0.001138 seconds.
  path: Assets/Art/PreMade/craftpix-net-620836-free-fantasy-chibi-male-sprites-pixel-art/COUPON.png
  artifactKey: Guid(526ee5e184d6f45f7a0b5d6b950082ec) Importer(815301076,1909f56bfc062723c751e8b465ee728b)
Start importing Assets/Art/PreMade/craftpix-net-620836-free-fantasy-chibi-male-sprites-pixel-art/COUPON.png using Guid(526ee5e184d6f45f7a0b5d6b950082ec) Importer(815301076,1909f56bfc062723c751e8b465ee728b)  -> (artifact id: '80ce68e45ddf8f819e469bf3ecd6eb75') in 0.640624 seconds 
  Import took 0.649342 seconds .

========================================================================
Received Import Request.
  Time since last request: 0.000289 seconds.
  path: Assets/Art/PreMade/craftpix-net-620836-free-fantasy-chibi-male-sprites-pixel-art/PSD
  artifactKey: Guid(39545da08bb1c414db17817ba29151bd) Importer(815301076,1909f56bfc062723c751e8b465ee728b)
Start importing Assets/Art/PreMade/craftpix-net-620836-free-fantasy-chibi-male-sprites-pixel-art/PSD using Guid(39545da08bb1c414db17817ba29151bd) Importer(815301076,1909f56bfc062723c751e8b465ee728b)  -> (artifact id: '17ee7e621f6a52af94bdeb785ac0b933') in 0.000704 seconds 
  Import took 0.003661 seconds .

========================================================================
Received Import Request.
  Time since last request: 5.372533 seconds.
  path: Assets/Art/PreMade/craftpix-net-620836-free-fantasy-chibi-male-sprites-pixel-art/Wizard
  artifactKey: Guid(f04ddd41e53da4ad48f0cc58f3791d52) Importer(815301076,1909f56bfc062723c751e8b465ee728b)
Start importing Assets/Art/PreMade/craftpix-net-620836-free-fantasy-chibi-male-sprites-pixel-art/Wizard using Guid(f04ddd41e53da4ad48f0cc58f3791d52) Importer(815301076,1909f56bfc062723c751e8b465ee728b)  -> (artifact id: '42887c40b0b1fb6771752ec237e36baf') in 0.000866 seconds 
  Import took 0.003678 seconds .

========================================================================
Received Import Request.
  Time since last request: 0.049300 seconds.
  path: Assets/Art/PreMade/craftpix-net-620836-free-fantasy-chibi-male-sprites-pixel-art/Wizard/Attack_1.png
  artifactKey: Guid(2e70bdd77eef348adb3da38648ee8baa) Importer(815301076,1909f56bfc062723c751e8b465ee728b)
Start importing Assets/Art/PreMade/craftpix-net-620836-free-fantasy-chibi-male-sprites-pixel-art/Wizard/Attack_1.png using Guid(2e70bdd77eef348adb3da38648ee8baa) Importer(815301076,1909f56bfc062723c751e8b465ee728b)  -> (artifact id: 'e2bedf9a67d3d6187224b12792584bd4') in 0.013041 seconds 
  Import took 0.016390 seconds .

========================================================================
Received Import Request.
  Time since last request: 0.000544 seconds.
  path: Assets/Art/PreMade/craftpix-net-620836-free-fantasy-chibi-male-sprites-pixel-art/Wizard/Attack_2.png
  artifactKey: Guid(bdeb0e424049c4271a085629cb756aa9) Importer(815301076,1909f56bfc062723c751e8b465ee728b)
Start importing Assets/Art/PreMade/craftpix-net-620836-free-fantasy-chibi-male-sprites-pixel-art/Wizard/Attack_2.png using Guid(bdeb0e424049c4271a085629cb756aa9) Importer(815301076,1909f56bfc062723c751e8b465ee728b)  -> (artifact id: '2662562ac341302ffa1a59d4bd58a406') in 0.009960 seconds 
  Import took 0.012982 seconds .

========================================================================
Received Import Request.
  Time since last request: 0.000220 seconds.
  path: Assets/Art/PreMade/craftpix-net-620836-free-fantasy-chibi-male-sprites-pixel-art/Wizard/Idle.png
  artifactKey: Guid(829892503065140d78743ed4f072b66d) Importer(815301076,1909f56bfc062723c751e8b465ee728b)
Start importing Assets/Art/PreMade/craftpix-net-620836-free-fantasy-chibi-male-sprites-pixel-art/Wizard/Idle.png using Guid(829892503065140d78743ed4f072b66d) Importer(815301076,1909f56bfc062723c751e8b465ee728b)  -> (artifact id: '91ed5f6ab220f3fb26b29b295c8a4e95') in 0.013274 seconds 
  Import took 0.016074 seconds .

========================================================================
Received Import Request.
  Time since last request: 0.000350 seconds.
  path: Assets/Art/PreMade/craftpix-net-620836-free-fantasy-chibi-male-sprites-pixel-art/Wizard/Attack_3.png
  artifactKey: Guid(3480ce23eda0c45b6b86fc46f560e2dc) Importer(815301076,1909f56bfc062723c751e8b465ee728b)
Start importing Assets/Art/PreMade/craftpix-net-620836-free-fantasy-chibi-male-sprites-pixel-art/Wizard/Attack_3.png using Guid(3480ce23eda0c45b6b86fc46f560e2dc) Importer(815301076,1909f56bfc062723c751e8b465ee728b)  -> (artifact id: '6f2836ecbe222ae22da40eb5bb549c62') in 0.008155 seconds 
  Import took 0.010760 seconds .

========================================================================
Received Import Request.
  Time since last request: 0.000276 seconds.
  path: Assets/Art/PreMade/craftpix-net-620836-free-fantasy-chibi-male-sprites-pixel-art/Wizard/Dead.png
  artifactKey: Guid(7dc4faf6274594aa8b5d32207e319c5e) Importer(815301076,1909f56bfc062723c751e8b465ee728b)
Start importing Assets/Art/PreMade/craftpix-net-620836-free-fantasy-chibi-male-sprites-pixel-art/Wizard/Dead.png using Guid(7dc4faf6274594aa8b5d32207e319c5e) Importer(815301076,1909f56bfc062723c751e8b465ee728b)  -> (artifact id: 'e3c59eedd35eba4336a6f187c6596ff1') in 0.008386 seconds 
  Import took 0.011313 seconds .

========================================================================
Received Import Request.
  Time since last request: 0.000269 seconds.
  path: Assets/Art/PreMade/craftpix-net-620836-free-fantasy-chibi-male-sprites-pixel-art/Wizard/Jump.png
  artifactKey: Guid(0cf8ed3ca90a443bb82f4b926f862403) Importer(815301076,1909f56bfc062723c751e8b465ee728b)
Start importing Assets/Art/PreMade/craftpix-net-620836-free-fantasy-chibi-male-sprites-pixel-art/Wizard/Jump.png using Guid(0cf8ed3ca90a443bb82f4b926f862403) Importer(815301076,1909f56bfc062723c751e8b465ee728b)  -> (artifact id: '92157331fa972914372318d43fcf7360') in 0.007905 seconds 
  Import took 0.010625 seconds .

========================================================================
Received Import Request.
  Time since last request: 0.000266 seconds.
  path: Assets/Art/PreMade/craftpix-net-620836-free-fantasy-chibi-male-sprites-pixel-art/Wizard/Hurt.png
  artifactKey: Guid(b69ed88a440394e72ba10a444561b1d7) Importer(815301076,1909f56bfc062723c751e8b465ee728b)
Start importing Assets/Art/PreMade/craftpix-net-620836-free-fantasy-chibi-male-sprites-pixel-art/Wizard/Hurt.png using Guid(b69ed88a440394e72ba10a444561b1d7) Importer(815301076,1909f56bfc062723c751e8b465ee728b)  -> (artifact id: '7d23ecff28c15caafd9172d6b749d679') in 0.008383 seconds 
  Import took 0.011187 seconds .

========================================================================
Received Import Request.
  Time since last request: 0.000309 seconds.
  path: Assets/Art/PreMade/craftpix-net-620836-free-fantasy-chibi-male-sprites-pixel-art/Wizard/Idle_2.png
  artifactKey: Guid(ca3f5eb8e423642d5b172cfbeff0fb2a) Importer(815301076,1909f56bfc062723c751e8b465ee728b)
Start importing Assets/Art/PreMade/craftpix-net-620836-free-fantasy-chibi-male-sprites-pixel-art/Wizard/Idle_2.png using Guid(ca3f5eb8e423642d5b172cfbeff0fb2a) Importer(815301076,1909f56bfc062723c751e8b465ee728b)  -> (artifact id: '958c3523b5cfbcbd7fb171195b50d0d0') in 0.008727 seconds 
  Import took 0.011867 seconds .

========================================================================
Received Import Request.
  Time since last request: 0.000238 seconds.
  path: Assets/Art/PreMade/craftpix-net-620836-free-fantasy-chibi-male-sprites-pixel-art/Wizard/Run.png
  artifactKey: Guid(a285434b8c30a48aebaab0b0c1b093da) Importer(815301076,1909f56bfc062723c751e8b465ee728b)
Start importing Assets/Art/PreMade/craftpix-net-620836-free-fantasy-chibi-male-sprites-pixel-art/Wizard/Run.png using Guid(a285434b8c30a48aebaab0b0c1b093da) Importer(815301076,1909f56bfc062723c751e8b465ee728b)  -> (artifact id: '9d59df43def6d6dc2ff9c9bde64f4b15') in 0.010682 seconds 
  Import took 0.013514 seconds .

========================================================================
Received Import Request.
  Time since last request: 0.000300 seconds.
  path: Assets/Art/PreMade/craftpix-net-620836-free-fantasy-chibi-male-sprites-pixel-art/Wizard/Walk.png
  artifactKey: Guid(417e8d7e494934f31b3e19496baea77b) Importer(815301076,1909f56bfc062723c751e8b465ee728b)
Start importing Assets/Art/PreMade/craftpix-net-620836-free-fantasy-chibi-male-sprites-pixel-art/Wizard/Walk.png using Guid(417e8d7e494934f31b3e19496baea77b) Importer(815301076,1909f56bfc062723c751e8b465ee728b)  -> (artifact id: 'f8261a81a2e870878bf4b482d690ec4e') in 0.009517 seconds 
  Import took 0.012731 seconds .

========================================================================
Received Import Request.
  Time since last request: 11.546358 seconds.
  path: Assets/Art/PreMade/craftpix-net-620836-free-fantasy-chibi-male-sprites-pixel-art/Wizard/Idle.png
  artifactKey: Guid(829892503065140d78743ed4f072b66d) Importer(815301076,1909f56bfc062723c751e8b465ee728b)
Start importing Assets/Art/PreMade/craftpix-net-620836-free-fantasy-chibi-male-sprites-pixel-art/Wizard/Idle.png using Guid(829892503065140d78743ed4f072b66d) Importer(815301076,1909f56bfc062723c751e8b465ee728b)  -> (artifact id: '272ffb3425a583b256cf4ed333d2175c') in 0.011487 seconds 
  Import took 0.014791 seconds .

========================================================================
Received Import Request.
  Time since last request: 19.746444 seconds.
  path: Assets/Art/PreMade/craftpix-net-620836-free-fantasy-chibi-male-sprites-pixel-art/Wizard/Idle.png
  artifactKey: Guid(829892503065140d78743ed4f072b66d) Importer(815301076,1909f56bfc062723c751e8b465ee728b)
Start importing Assets/Art/PreMade/craftpix-net-620836-free-fantasy-chibi-male-sprites-pixel-art/Wizard/Idle.png using Guid(829892503065140d78743ed4f072b66d) Importer(815301076,1909f56bfc062723c751e8b465ee728b)  -> (artifact id: 'd00c078c2c43a0536a65e7a5c27d9d5e') in 0.042032 seconds 
  Import took 0.069348 seconds .

========================================================================
Received Import Request.
  Time since last request: 11.436346 seconds.
  path: Assets/Art/PreMade/craftpix-net-620836-free-fantasy-chibi-male-sprites-pixel-art/Wizard/Idle.png
  artifactKey: Guid(829892503065140d78743ed4f072b66d) Importer(815301076,1909f56bfc062723c751e8b465ee728b)
Start importing Assets/Art/PreMade/craftpix-net-620836-free-fantasy-chibi-male-sprites-pixel-art/Wizard/Idle.png using Guid(829892503065140d78743ed4f072b66d) Importer(815301076,1909f56bfc062723c751e8b465ee728b)  -> (artifact id: 'f7099496d6169623bede574baad99d70') in 0.062656 seconds 
  Import took 0.066167 seconds .

========================================================================
Received Import Request.
  Time since last request: 116.085365 seconds.
  path: Assets/Dialogue/NPC1.asset
  artifactKey: Guid(6d8f173e7c9824a469c8fe8aade7be59) Importer(815301076,1909f56bfc062723c751e8b465ee728b)
Start importing Assets/Dialogue/NPC1.asset using Guid(6d8f173e7c9824a469c8fe8aade7be59) Importer(815301076,1909f56bfc062723c751e8b465ee728b)  -> (artifact id: 'ce55d873995d34bb273c07d153efd9e8') in 0.538222 seconds 
  Import took 0.550412 seconds .

========================================================================
Received Import Request.
  Time since last request: 0.000418 seconds.
  path: Assets/Dialogue/NPC2.asset
  artifactKey: Guid(71083a4e3817c4303a0ec79b10ea0385) Importer(815301076,1909f56bfc062723c751e8b465ee728b)
Start importing Assets/Dialogue/NPC2.asset using Guid(71083a4e3817c4303a0ec79b10ea0385) Importer(815301076,1909f56bfc062723c751e8b465ee728b)  -> (artifact id: 'a2b413fdc327cb6b321dca3e8c87deb3') in 0.003597 seconds 
  Import took 0.006356 seconds .

========================================================================
Received Import Request.
  Time since last request: 69.841457 seconds.
  path: Assets/Art/PreMade/craftpix-net-620836-free-fantasy-chibi-male-sprites-pixel-art/Archer/Arrow.png
  artifactKey: Guid(6769c93ecbfaa44449c1f2de494a5c91) Importer(815301076,1909f56bfc062723c751e8b465ee728b)
Start importing Assets/Art/PreMade/craftpix-net-620836-free-fantasy-chibi-male-sprites-pixel-art/Archer/Arrow.png using Guid(6769c93ecbfaa44449c1f2de494a5c91) Importer(815301076,1909f56bfc062723c751e8b465ee728b)  -> (artifact id: '857f1ba0c7f8dc3ba4aa44d7c58fbf7b') in 0.047364 seconds 
  Import took 0.061749 seconds .

========================================================================
Received Import Request.
  Time since last request: 0.000204 seconds.
  path: Assets/Art/PreMade/craftpix-net-620836-free-fantasy-chibi-male-sprites-pixel-art/Archer/Idle.png
  artifactKey: Guid(3d901b87576754415837a4818460b151) Importer(815301076,1909f56bfc062723c751e8b465ee728b)
Start importing Assets/Art/PreMade/craftpix-net-620836-free-fantasy-chibi-male-sprites-pixel-art/Archer/Idle.png using Guid(3d901b87576754415837a4818460b151) Importer(815301076,1909f56bfc062723c751e8b465ee728b)  -> (artifact id: '0d0e6d37dd440c71dbe2cf65bae992c8') in 0.007598 seconds 
  Import took 0.010307 seconds .

========================================================================
Received Import Request.
  Time since last request: 0.000225 seconds.
  path: Assets/Art/PreMade/craftpix-net-620836-free-fantasy-chibi-male-sprites-pixel-art/Archer/Run.png
  artifactKey: Guid(5d34673caedd5433c9f31a0d21435f07) Importer(815301076,1909f56bfc062723c751e8b465ee728b)
Start importing Assets/Art/PreMade/craftpix-net-620836-free-fantasy-chibi-male-sprites-pixel-art/Archer/Run.png using Guid(5d34673caedd5433c9f31a0d21435f07) Importer(815301076,1909f56bfc062723c751e8b465ee728b)  -> (artifact id: 'd3a53b7b6684dc105780eace416a26c1') in 0.008858 seconds 
  Import took 0.011948 seconds .

========================================================================
Received Import Request.
  Time since last request: 0.000424 seconds.
  path: Assets/Art/PreMade/craftpix-net-620836-free-fantasy-chibi-male-sprites-pixel-art/Archer/Dead.png
  artifactKey: Guid(c8d493804dfaa48f2a3b2b2af067348c) Importer(815301076,1909f56bfc062723c751e8b465ee728b)
Start importing Assets/Art/PreMade/craftpix-net-620836-free-fantasy-chibi-male-sprites-pixel-art/Archer/Dead.png using Guid(c8d493804dfaa48f2a3b2b2af067348c) Importer(815301076,1909f56bfc062723c751e8b465ee728b)  -> (artifact id: 'def88b21ea918038614c56f73c5cbdbb') in 0.018666 seconds 
  Import took 0.021759 seconds .

========================================================================
Received Import Request.
  Time since last request: 0.000526 seconds.
  path: Assets/Art/PreMade/craftpix-net-620836-free-fantasy-chibi-male-sprites-pixel-art/Archer/Attack_1.png
  artifactKey: Guid(86d911c819c5c47519739c2df150e8ce) Importer(815301076,1909f56bfc062723c751e8b465ee728b)
Start importing Assets/Art/PreMade/craftpix-net-620836-free-fantasy-chibi-male-sprites-pixel-art/Archer/Attack_1.png using Guid(86d911c819c5c47519739c2df150e8ce) Importer(815301076,1909f56bfc062723c751e8b465ee728b)  -> (artifact id: 'bdeb2667aaeebdb6422ad2ebb3bb5bb2') in 0.011812 seconds 
  Import took 0.015549 seconds .

========================================================================
Received Import Request.
  Time since last request: 0.000257 seconds.
  path: Assets/Art/PreMade/craftpix-net-620836-free-fantasy-chibi-male-sprites-pixel-art/Archer/Shot_2.png
  artifactKey: Guid(1086e7bf96e86447abba2e58894ed874) Importer(815301076,1909f56bfc062723c751e8b465ee728b)
Start importing Assets/Art/PreMade/craftpix-net-620836-free-fantasy-chibi-male-sprites-pixel-art/Archer/Shot_2.png using Guid(1086e7bf96e86447abba2e58894ed874) Importer(815301076,1909f56bfc062723c751e8b465ee728b)  -> (artifact id: 'cf08f57ca4d24ef56d716ae717363e40') in 0.011319 seconds 
  Import took 0.014643 seconds .

========================================================================
Received Import Request.
  Time since last request: 0.001702 seconds.
  path: Assets/Art/PreMade/craftpix-net-620836-free-fantasy-chibi-male-sprites-pixel-art/Archer/Jump.png
  artifactKey: Guid(8ecd519e5f1af411ba78814dd7c68010) Importer(815301076,1909f56bfc062723c751e8b465ee728b)
Start importing Assets/Art/PreMade/craftpix-net-620836-free-fantasy-chibi-male-sprites-pixel-art/Archer/Jump.png using Guid(8ecd519e5f1af411ba78814dd7c68010) Importer(815301076,1909f56bfc062723c751e8b465ee728b)  -> (artifact id: 'fa6c6e1c2dc4a073bd0f2266f7d81bfa') in 0.009578 seconds 
  Import took 0.013045 seconds .

========================================================================
Received Import Request.
  Time since last request: 0.000741 seconds.
  path: Assets/Art/PreMade/craftpix-net-620836-free-fantasy-chibi-male-sprites-pixel-art/Archer/Shot_1.png
  artifactKey: Guid(3c1ed66cb43c84df1b16f2be2d634ac0) Importer(815301076,1909f56bfc062723c751e8b465ee728b)
Start importing Assets/Art/PreMade/craftpix-net-620836-free-fantasy-chibi-male-sprites-pixel-art/Archer/Shot_1.png using Guid(3c1ed66cb43c84df1b16f2be2d634ac0) Importer(815301076,1909f56bfc062723c751e8b465ee728b)  -> (artifact id: '48ae0812ee824b87e82effd468e625f5') in 0.007636 seconds 
  Import took 0.011075 seconds .

========================================================================
Received Import Request.
  Time since last request: 0.000347 seconds.
  path: Assets/Art/PreMade/craftpix-net-620836-free-fantasy-chibi-male-sprites-pixel-art/Archer/Idle_2.png
  artifactKey: Guid(03cb3657ecead440dba69ed5c4963e7f) Importer(815301076,1909f56bfc062723c751e8b465ee728b)
Start importing Assets/Art/PreMade/craftpix-net-620836-free-fantasy-chibi-male-sprites-pixel-art/Archer/Idle_2.png using Guid(03cb3657ecead440dba69ed5c4963e7f) Importer(815301076,1909f56bfc062723c751e8b465ee728b)  -> (artifact id: 'ad80767b5129c2b0b1fa80900b1a6c7e') in 0.008767 seconds 
  Import took 0.011738 seconds .

========================================================================
Received Import Request.
  Time since last request: 0.000262 seconds.
  path: Assets/Art/PreMade/craftpix-net-620836-free-fantasy-chibi-male-sprites-pixel-art/Archer/Walk.png
  artifactKey: Guid(eb7d9fd848a044a638af780a6e626dc1) Importer(815301076,1909f56bfc062723c751e8b465ee728b)
Start importing Assets/Art/PreMade/craftpix-net-620836-free-fantasy-chibi-male-sprites-pixel-art/Archer/Walk.png using Guid(eb7d9fd848a044a638af780a6e626dc1) Importer(815301076,1909f56bfc062723c751e8b465ee728b)  -> (artifact id: '11a7d9b1f3e567ba21745dbfa28a4367') in 0.008977 seconds 
  Import took 0.011849 seconds .

========================================================================
Received Import Request.
  Time since last request: 0.000390 seconds.
  path: Assets/Art/PreMade/craftpix-net-620836-free-fantasy-chibi-male-sprites-pixel-art/Archer/Hurt.png
  artifactKey: Guid(ee05e126acb5e4fe192c62586fea61b9) Importer(815301076,1909f56bfc062723c751e8b465ee728b)
Start importing Assets/Art/PreMade/craftpix-net-620836-free-fantasy-chibi-male-sprites-pixel-art/Archer/Hurt.png using Guid(ee05e126acb5e4fe192c62586fea61b9) Importer(815301076,1909f56bfc062723c751e8b465ee728b)  -> (artifact id: '3045a2a028ac5827123a22294840d1ae') in 0.007794 seconds 
  Import took 0.010661 seconds .

========================================================================
Received Import Request.
  Time since last request: 0.676543 seconds.
  path: Assets/Art/PreMade/craftpix-net-620836-free-fantasy-chibi-male-sprites-pixel-art/Swordsman/Attack_1.png
  artifactKey: Guid(13803d3c537934fc9a248f92faa85054) Importer(815301076,1909f56bfc062723c751e8b465ee728b)
Start importing Assets/Art/PreMade/craftpix-net-620836-free-fantasy-chibi-male-sprites-pixel-art/Swordsman/Attack_1.png using Guid(13803d3c537934fc9a248f92faa85054) Importer(815301076,1909f56bfc062723c751e8b465ee728b)  -> (artifact id: '128eb33984f4cbbcde90810d47735291') in 0.008239 seconds 
  Import took 0.011971 seconds .

========================================================================
Received Import Request.
  Time since last request: 0.002115 seconds.
  path: Assets/Art/PreMade/craftpix-net-620836-free-fantasy-chibi-male-sprites-pixel-art/Swordsman/Jump.png
  artifactKey: Guid(5151c5d67ef9f45b98dddd71ce9fcfa3) Importer(815301076,1909f56bfc062723c751e8b465ee728b)
Start importing Assets/Art/PreMade/craftpix-net-620836-free-fantasy-chibi-male-sprites-pixel-art/Swordsman/Jump.png using Guid(5151c5d67ef9f45b98dddd71ce9fcfa3) Importer(815301076,1909f56bfc062723c751e8b465ee728b)  -> (artifact id: '786f4934367d424e4f35a8d14c41b2f5') in 0.012588 seconds 
  Import took 0.015907 seconds .

========================================================================
Received Import Request.
  Time since last request: 0.000454 seconds.
  path: Assets/Art/PreMade/craftpix-net-620836-free-fantasy-chibi-male-sprites-pixel-art/Swordsman/Run.png
  artifactKey: Guid(b4e0a07d95c0242939816a9b5a34d76b) Importer(815301076,1909f56bfc062723c751e8b465ee728b)
Start importing Assets/Art/PreMade/craftpix-net-620836-free-fantasy-chibi-male-sprites-pixel-art/Swordsman/Run.png using Guid(b4e0a07d95c0242939816a9b5a34d76b) Importer(815301076,1909f56bfc062723c751e8b465ee728b)  -> (artifact id: '886ec019dfd4c977084b22328e24ff5c') in 0.010705 seconds 
  Import took 0.013789 seconds .

========================================================================
Received Import Request.
  Time since last request: 0.000514 seconds.
  path: Assets/Art/PreMade/craftpix-net-620836-free-fantasy-chibi-male-sprites-pixel-art/Swordsman/Dead.png
  artifactKey: Guid(2b226b7cd7c564f849c094c4ffe01e62) Importer(815301076,1909f56bfc062723c751e8b465ee728b)
Start importing Assets/Art/PreMade/craftpix-net-620836-free-fantasy-chibi-male-sprites-pixel-art/Swordsman/Dead.png using Guid(2b226b7cd7c564f849c094c4ffe01e62) Importer(815301076,1909f56bfc062723c751e8b465ee728b)  -> (artifact id: '2254b9d92f4bdf1f16e79dba9314579c') in 0.009658 seconds 
  Import took 0.012842 seconds .

========================================================================
Received Import Request.
  Time since last request: 0.001161 seconds.
  path: Assets/Art/PreMade/craftpix-net-620836-free-fantasy-chibi-male-sprites-pixel-art/Swordsman/Hurt.png
  artifactKey: Guid(9c84ec745979e4a88aa91ce836bc5927) Importer(815301076,1909f56bfc062723c751e8b465ee728b)
Start importing Assets/Art/PreMade/craftpix-net-620836-free-fantasy-chibi-male-sprites-pixel-art/Swordsman/Hurt.png using Guid(9c84ec745979e4a88aa91ce836bc5927) Importer(815301076,1909f56bfc062723c751e8b465ee728b)  -> (artifact id: '598975ee0f2efee3f3472a2f9d054cb7') in 0.009579 seconds 
  Import took 0.012976 seconds .

========================================================================
Received Import Request.
  Time since last request: 0.000323 seconds.
  path: Assets/Art/PreMade/craftpix-net-620836-free-fantasy-chibi-male-sprites-pixel-art/Swordsman/Attack_2.png
  artifactKey: Guid(2325020be7a694e6890e82a8a3cac3fa) Importer(815301076,1909f56bfc062723c751e8b465ee728b)
Start importing Assets/Art/PreMade/craftpix-net-620836-free-fantasy-chibi-male-sprites-pixel-art/Swordsman/Attack_2.png using Guid(2325020be7a694e6890e82a8a3cac3fa) Importer(815301076,1909f56bfc062723c751e8b465ee728b)  -> (artifact id: 'a196f38d697b8a3ee2aae5be064f3e96') in 0.008649 seconds 
  Import took 0.011871 seconds .

========================================================================
Received Import Request.
  Time since last request: 0.000271 seconds.
  path: Assets/Art/PreMade/craftpix-net-620836-free-fantasy-chibi-male-sprites-pixel-art/Swordsman/Idle.png
  artifactKey: Guid(8c8b6d9ceb886419eb6f194d84c5832f) Importer(815301076,1909f56bfc062723c751e8b465ee728b)
Start importing Assets/Art/PreMade/craftpix-net-620836-free-fantasy-chibi-male-sprites-pixel-art/Swordsman/Idle.png using Guid(8c8b6d9ceb886419eb6f194d84c5832f) Importer(815301076,1909f56bfc062723c751e8b465ee728b)  -> (artifact id: '78aa7940aac24b1fd0990afb4cc5c84f') in 0.007397 seconds 
  Import took 0.010345 seconds .

========================================================================
Received Import Request.
  Time since last request: 0.000332 seconds.
  path: Assets/Art/PreMade/craftpix-net-620836-free-fantasy-chibi-male-sprites-pixel-art/Swordsman/Attack_3.png
  artifactKey: Guid(2599d8eb1ac8e4fda84ee904977a2412) Importer(815301076,1909f56bfc062723c751e8b465ee728b)
Start importing Assets/Art/PreMade/craftpix-net-620836-free-fantasy-chibi-male-sprites-pixel-art/Swordsman/Attack_3.png using Guid(2599d8eb1ac8e4fda84ee904977a2412) Importer(815301076,1909f56bfc062723c751e8b465ee728b)  -> (artifact id: 'eb779286e93173ecc0a4efe6aa5f535c') in 0.007565 seconds 
  Import took 0.010737 seconds .

========================================================================
Received Import Request.
  Time since last request: 0.000252 seconds.
  path: Assets/Art/PreMade/craftpix-net-620836-free-fantasy-chibi-male-sprites-pixel-art/Swordsman/Walk.png
  artifactKey: Guid(897ccf85302c541bdb826e1ef02a76c6) Importer(815301076,1909f56bfc062723c751e8b465ee728b)
Start importing Assets/Art/PreMade/craftpix-net-620836-free-fantasy-chibi-male-sprites-pixel-art/Swordsman/Walk.png using Guid(897ccf85302c541bdb826e1ef02a76c6) Importer(815301076,1909f56bfc062723c751e8b465ee728b)  -> (artifact id: 'be29e5b188d6f1a09b67941cccb46cd1') in 0.007241 seconds 
  Import took 0.009878 seconds .

========================================================================
Received Import Request.
  Time since last request: 0.000300 seconds.
  path: Assets/Art/PreMade/craftpix-net-620836-free-fantasy-chibi-male-sprites-pixel-art/Swordsman/Idle_2.png
  artifactKey: Guid(44e5e7cf214e54b11a41e71745e1fbc3) Importer(815301076,1909f56bfc062723c751e8b465ee728b)
Start importing Assets/Art/PreMade/craftpix-net-620836-free-fantasy-chibi-male-sprites-pixel-art/Swordsman/Idle_2.png using Guid(44e5e7cf214e54b11a41e71745e1fbc3) Importer(815301076,1909f56bfc062723c751e8b465ee728b)  -> (artifact id: '78c7f26bc9b89dc23f23eadde1db4b0b') in 0.008055 seconds 
  Import took 0.010617 seconds .

========================================================================
Received Import Request.
  Time since last request: 19.265601 seconds.
  path: Assets/Art/PreMade/craftpix-net-620836-free-fantasy-chibi-male-sprites-pixel-art/Archer
  artifactKey: Guid(b0adecf9125c942a0a6fae3db9889982) Importer(815301076,1909f56bfc062723c751e8b465ee728b)
Start importing Assets/Art/PreMade/craftpix-net-620836-free-fantasy-chibi-male-sprites-pixel-art/Archer using Guid(b0adecf9125c942a0a6fae3db9889982) Importer(815301076,1909f56bfc062723c751e8b465ee728b)  -> (artifact id: '70bde407cc18519136ae3fe70f23df08') in 0.000794 seconds 
  Import took 0.003464 seconds .

========================================================================
Received Import Request.
  Time since last request: 5.559721 seconds.
  path: Assets/Art/PreMade/craftpix-net-620836-free-fantasy-chibi-male-sprites-pixel-art/Archer/Idle.png
  artifactKey: Guid(3d901b87576754415837a4818460b151) Importer(815301076,1909f56bfc062723c751e8b465ee728b)
Start importing Assets/Art/PreMade/craftpix-net-620836-free-fantasy-chibi-male-sprites-pixel-art/Archer/Idle.png using Guid(3d901b87576754415837a4818460b151) Importer(815301076,1909f56bfc062723c751e8b465ee728b)  -> (artifact id: '4ff955699219f0751ddac75631f3f6d1') in 0.009455 seconds 
  Import took 0.012748 seconds .

========================================================================
Received Import Request.
  Time since last request: 6.610256 seconds.
  path: Assets/Art/PreMade/craftpix-net-620836-free-fantasy-chibi-male-sprites-pixel-art/Archer/Idle.png
  artifactKey: Guid(3d901b87576754415837a4818460b151) Importer(815301076,1909f56bfc062723c751e8b465ee728b)
Start importing Assets/Art/PreMade/craftpix-net-620836-free-fantasy-chibi-male-sprites-pixel-art/Archer/Idle.png using Guid(3d901b87576754415837a4818460b151) Importer(815301076,1909f56bfc062723c751e8b465ee728b)  -> (artifact id: '04a152864defe3c8c8b50ace4ab1d904') in 0.005739 seconds 
  Import took 0.009030 seconds .

========================================================================
Received Import Request.
  Time since last request: 8.223859 seconds.
  path: Assets/Art/PreMade/craftpix-net-620836-free-fantasy-chibi-male-sprites-pixel-art/Archer/Idle.png
  artifactKey: Guid(3d901b87576754415837a4818460b151) Importer(815301076,1909f56bfc062723c751e8b465ee728b)
Start importing Assets/Art/PreMade/craftpix-net-620836-free-fantasy-chibi-male-sprites-pixel-art/Archer/Idle.png using Guid(3d901b87576754415837a4818460b151) Importer(815301076,1909f56bfc062723c751e8b465ee728b)  -> (artifact id: '40bc5a4fecd9cc423dfdf16905102910') in 0.074046 seconds 
  Import took 0.129531 seconds .

========================================================================
Received Import Request.
  Time since last request: 791.242938 seconds.
  path: Assets/Art/PreMade/craftpix-net-620836-free-fantasy-chibi-male-sprites-pixel-art/Swordsman
  artifactKey: Guid(dd7f1c703f3c047538eb8b62c7856979) Importer(815301076,1909f56bfc062723c751e8b465ee728b)
Start importing Assets/Art/PreMade/craftpix-net-620836-free-fantasy-chibi-male-sprites-pixel-art/Swordsman using Guid(dd7f1c703f3c047538eb8b62c7856979) Importer(815301076,1909f56bfc062723c751e8b465ee728b)  -> (artifact id: '89d1559edeccdc6ecba4767b4571b8e9') in 0.003126 seconds 
  Import took 0.020212 seconds .

========================================================================
Received Import Request.
  Time since last request: 13.676275 seconds.
  path: Assets/Art/PreMade/craftpix-net-620836-free-fantasy-chibi-male-sprites-pixel-art/Wizard/Idle.png
  artifactKey: Guid(829892503065140d78743ed4f072b66d) Importer(815301076,1909f56bfc062723c751e8b465ee728b)
Start importing Assets/Art/PreMade/craftpix-net-620836-free-fantasy-chibi-male-sprites-pixel-art/Wizard/Idle.png using Guid(829892503065140d78743ed4f072b66d) Importer(815301076,1909f56bfc062723c751e8b465ee728b)  -> (artifact id: '020b3f294fdaa09a6735da5fe4eff7f0') in 0.038172 seconds 
  Import took 0.041187 seconds .

========================================================================
Received Import Request.
  Time since last request: 25.082028 seconds.
  path: Assets/Art/PreMade/craftpix-net-620836-free-fantasy-chibi-male-sprites-pixel-art/Archer/Idle.png
  artifactKey: Guid(3d901b87576754415837a4818460b151) Importer(815301076,1909f56bfc062723c751e8b465ee728b)
Start importing Assets/Art/PreMade/craftpix-net-620836-free-fantasy-chibi-male-sprites-pixel-art/Archer/Idle.png using Guid(3d901b87576754415837a4818460b151) Importer(815301076,1909f56bfc062723c751e8b465ee728b)  -> (artifact id: '3b8abe64b5c242fd74468eef99d3066a') in 0.051401 seconds 
  Import took 0.064355 seconds .

========================================================================
Received Import Request.
  Time since last request: 14.834855 seconds.
  path: Assets/Art/PreMade/craftpix-net-620836-free-fantasy-chibi-male-sprites-pixel-art/Swordsman/Idle.png
  artifactKey: Guid(8c8b6d9ceb886419eb6f194d84c5832f) Importer(815301076,1909f56bfc062723c751e8b465ee728b)
Start importing Assets/Art/PreMade/craftpix-net-620836-free-fantasy-chibi-male-sprites-pixel-art/Swordsman/Idle.png using Guid(8c8b6d9ceb886419eb6f194d84c5832f) Importer(815301076,1909f56bfc062723c751e8b465ee728b)  -> (artifact id: '402491dca3e5869e9d0ea9839a81bee3') in 0.023703 seconds 
  Import took 0.029846 seconds .

========================================================================
Received Import Request.
  Time since last request: 15.704903 seconds.
  path: Assets/Art/PreMade/craftpix-net-620836-free-fantasy-chibi-male-sprites-pixel-art/Swordsman/Idle.png
  artifactKey: Guid(8c8b6d9ceb886419eb6f194d84c5832f) Importer(815301076,1909f56bfc062723c751e8b465ee728b)
Start importing Assets/Art/PreMade/craftpix-net-620836-free-fantasy-chibi-male-sprites-pixel-art/Swordsman/Idle.png using Guid(8c8b6d9ceb886419eb6f194d84c5832f) Importer(815301076,1909f56bfc062723c751e8b465ee728b)  -> (artifact id: '6c1f66b6a512479a342bda2af0c5e0d4') in 0.054734 seconds 
  Import took 0.058366 seconds .

========================================================================
Received Prepare
Registering precompiled user dll's ...
Registered in 0.002611 seconds.
Begin MonoManager ReloadAssembly
Native extension for OSXStandalone target not found
Refreshing native plugins compatible for Editor in 0.54 ms, found 3 plugins.
Preloading 0 native plugins for Editor in 0.00 ms.
2023-12-03 18:33:20.383 Unity[18426:14372811] NSEventModifierFlagFunction specified to -setKeyEquivalentModifierMask: for item <NSMenuItem: 0x7fc31bde4d80 Font Asset, ke='Command-F12'>, but is only supported for system-provided menu items; will not be used
Mono: successfully reloaded assembly
- Completed reload, in  2.280 seconds
Domain Reload Profiling:
	ReloadAssembly (2282ms)
		BeginReloadAssembly (279ms)
			ExecutionOrderSort (0ms)
			DisableScriptedObjects (50ms)
			BackupInstance (0ms)
			ReleaseScriptingObjects (0ms)
			CreateAndSetChildDomain (94ms)
		EndReloadAssembly (1921ms)
			LoadAssemblies (235ms)
			RebuildTransferFunctionScriptingTraits (0ms)
			SetupTypeCache (325ms)
			ReleaseScriptCaches (1ms)
			RebuildScriptCaches (45ms)
			SetupLoadedEditorAssemblies (1077ms)
				LogAssemblyErrors (0ms)
				InitializePlatformSupportModulesInManaged (12ms)
				SetLoadedEditorAssemblies (1ms)
				RefreshPlugins (1ms)
				BeforeProcessingInitializeOnLoad (251ms)
				ProcessInitializeOnLoadAttributes (773ms)
				ProcessInitializeOnLoadMethodAttributes (37ms)
				AfterProcessingInitializeOnLoad (1ms)
				EditorAssembliesLoaded (0ms)
			ExecutionOrderSort2 (0ms)
			AwakeInstancesAfterBackupRestoration (37ms)
Platform modules already initialized, skipping
Refreshing native plugins compatible for Editor in 0.41 ms, found 3 plugins.
Preloading 0 native plugins for Editor in 0.00 ms.
Unloading 2246 Unused Serialized files (Serialized files now loaded: 0)
System memory in use before: 247.5 MB.
System memory in use after: 247.7 MB.

Unloading 15 unused Assets to reduce memory usage. Loaded Objects now: 2785.
Total: 2.168125 ms (FindLiveObjects: 0.102958 ms CreateObjectMapping: 0.043750 ms MarkObjects: 2.000500 ms  DeleteObjects: 0.020250 ms)

AssetImportParameters requested are different than current active one (requested -> active):
  custom:video-decoder-ogg-theora: a1e56fd34408186e4bbccfd4996cb3dc -> 
  custom:container-muxer-webm: aa71ff27fc2769a1b78a27578f13a17b -> 
  custom:container-demuxer-webm: 4f35f7cbe854078d1ac9338744f61a02 -> 
  custom:container-demuxer-ogg: 62fdf1f143b41e24485cea50d1cbac27 -> 
  custom:video-encoder-webm-vp8: eb34c28f22e8b96e1ab97ce403110664 -> 
  custom:framework-osx-AVFoundation: e770b220cccbd017edd2c1fefb359320 -> 
  custom:video-decoder-webm-vp8: 9c59270c3fd7afecdb556c50c9e8de78 -> 
  custom:audio-decoder-ogg-vorbis: bf7c407c2cedff20999df2af8eb42d56 -> 
  custom:audio-encoder-webm-vorbis: bf7c407c2cedff20999df2af8eb42d56 -> 
